<?xml version="1.0" encoding="UTF-8"?>
<!-- Generated by org.testng.reporters.JUnitReportReporter -->
<testsuite hostname="RAMCHERRY" failures="0" tests="3" name="seleniumFrameworkDesign.SubmitOrdersTest" time="17.164" errors="0" timestamp="2025-07-19T14:22:08 IST" skipped="0">
  <testcase classname="seleniumFrameworkDesign.SubmitOrdersTest" name="OrderHistoreTest" time="5.019"/>
  <testcase classname="seleniumFrameworkDesign.SubmitOrdersTest" name="submitOrders" time="6.150"/>
  <testcase classname="seleniumFrameworkDesign.SubmitOrdersTest" name="submitOrders" time="5.995"/>
</testsuite> <!-- seleniumFrameworkDesign.SubmitOrdersTest -->
