<?xml version="1.0" encoding="UTF-8"?>
<!-- Generated by org.testng.reporters.JUnitReportReporter -->
<testsuite hostname="RAMCHERRY" failures="0" tests="1" name="extendReportsWebApplications.ExtrentDemo" time="5.474" errors="0" timestamp="2025-07-17T13:22:29 IST" skipped="0">
  <testcase classname="extendReportsWebApplications.ExtrentDemo" name="initialDemo" time="5.474"/>
</testsuite> <!-- extendReportsWebApplications.ExtrentDemo -->
