<?xml version="1.0" encoding="UTF-8"?>
<!-- Generated by org.testng.reporters.JUnitReportReporter -->
<testsuite hostname="RAMCHERRY" failures="0" tests="1" name="cucumber.TestNGTestRunner" time="6.868" errors="0" timestamp="2025-07-18T12:22:57 IST" skipped="0">
  <testcase classname="cucumber.TestNGTestRunner" name="runScenario" time="6.868"/>
</testsuite> <!-- cucumber.TestNGTestRunner -->
