<?xml version="1.0" encoding="UTF-8"?>
<!-- Generated by org.testng.reporters.JUnitReportReporter -->
<testsuite hostname="RAMCHERRY" failures="0" tests="3" name="seleniumFrameworkDesign.SubmitOrdersTest" time="22.057" errors="0" timestamp="2025-07-17T20:15:11 IST" skipped="0">
  <testcase classname="seleniumFrameworkDesign.SubmitOrdersTest" name="submitOrders" time="9.270"/>
  <testcase classname="seleniumFrameworkDesign.SubmitOrdersTest" name="submitOrders" time="8.171"/>
  <testcase classname="seleniumFrameworkDesign.SubmitOrdersTest" name="OrderHistoreTest" time="4.616"/>
</testsuite> <!-- seleniumFrameworkDesign.SubmitOrdersTest -->
